<?xml version="1.0" encoding="UTF-8"?>
<testsuite name="com.example.PrintServiceTest" tests="1" skipped="0" failures="0" errors="0" timestamp="2023-06-14T21:22:08" hostname="DESKTOP-U8DJNMJ" time="0.024">
  <properties/>
  <testcase name="testService()" classname="com.example.PrintServiceTest" time="0.024"/>
  <system-out><![CDATA[]]></system-out>
  <system-err><![CDATA[]]></system-err>
</testsuite>
